-------------------------------------------------------------------------------
Test set: ua.ucu.test.DecoratorTest
-------------------------------------------------------------------------------
Tests run: 1, Failures: 0, Errors: 1, Skipped: 0, Time elapsed: 0.025 s <<< FAILURE! - in ua.ucu.test.DecoratorTest
ua.ucu.test.DecoratorTest.testTimedDocument  Time elapsed: 0.012 s  <<< ERROR!
java.lang.Error: 
Unresolved compilation problem: 
	Assert cannot be resolved

	at ua.ucu.test.DecoratorTest.testTimedDocument(DecoratorTest.java:16)
	at java.base/java.lang.reflect.Method.invoke(Method.java:580)
	at java.base/java.util.ArrayList.forEach(ArrayList.java:1596)
	at java.base/java.util.ArrayList.forEach(ArrayList.java:1596)

